<?xml version="1.0" encoding="utf-8"?>
<TestRun id="34a05278-f560-4c2e-8230-73f34786b839" name="vidya@NAYAK 2026-05-02 22:07:08" runUser="NAYAK\vidya" xmlns="http://microsoft.com/schemas/VisualStudio/TeamTest/2010">
  <Times creation="2026-05-02T22:07:08.6604891+12:00" queuing="2026-05-02T22:07:08.6604895+12:00" start="2026-05-02T22:06:38.4456494+12:00" finish="2026-05-02T22:07:08.6694196+12:00" />
  <TestSettings name="default" id="65e631b7-e9cc-417c-85e5-8d90c606e514">
    <Deployment runDeploymentRoot="vidya_NAYAK_2026-05-02_22_07_08" />
  </TestSettings>
  <Results>
    <UnitTestResult executionId="3cbd07a0-8fbb-46dd-a2a3-5cd576e5ecad" testId="126043ab-63f6-72d6-739d-5b61e8f7b0c8" testName="CreateAssetAndCheckHistory" computerName="NAYAK" duration="00:00:28.1063930" startTime="2026-05-02T22:06:40.2090461+12:00" endTime="2026-05-02T22:07:08.3151845+12:00" testType="13cdc9d9-ddb5-4fa4-a97d-d965ccfc6d4b" outcome="Passed" testListId="8c84fa94-04c1-424b-9868-57a2d4851a1d" relativeResultsDirectory="3cbd07a0-8fbb-46dd-a2a3-5cd576e5ecad" />
  </Results>
  <TestDefinitions>
    <UnitTest name="CreateAssetAndCheckHistory" storage="c:\automation\playwrighttests\bin\debug\net10.0\playwrighttests.dll" id="126043ab-63f6-72d6-739d-5b61e8f7b0c8">
      <Execution id="3cbd07a0-8fbb-46dd-a2a3-5cd576e5ecad" />
      <TestMethod codeBase="C:\Automation\PlaywrightTests\bin\Debug\net10.0\PlaywrightTests.dll" adapterTypeName="executor://nunit3testexecutor/" className="PlaywrightTests.Test6" name="CreateAssetAndCheckHistory" />
    </UnitTest>
  </TestDefinitions>
  <TestEntries>
    <TestEntry testId="126043ab-63f6-72d6-739d-5b61e8f7b0c8" executionId="3cbd07a0-8fbb-46dd-a2a3-5cd576e5ecad" testListId="8c84fa94-04c1-424b-9868-57a2d4851a1d" />
  </TestEntries>
  <TestLists>
    <TestList name="Results Not in a List" id="8c84fa94-04c1-424b-9868-57a2d4851a1d" />
    <TestList name="All Loaded Results" id="19431567-8539-422a-85d7-44ee4e166bda" />
  </TestLists>
  <ResultSummary outcome="Completed">
    <Counters total="1" executed="1" passed="1" failed="0" error="0" timeout="0" aborted="0" inconclusive="0" passedButRunAborted="0" notRunnable="0" notExecuted="0" disconnected="0" warning="0" completed="0" inProgress="0" pending="0" />
    <Output>
      <StdOut>NUnit Adapter 4.3.1.0: Test execution started&#xD;
Running selected tests in C:\Automation\PlaywrightTests\bin\Debug\net10.0\PlaywrightTests.dll&#xD;
   NUnit3TestExecutor discovered 1 of 1 NUnit test cases using Current Discovery mode, Non-Explicit run&#xD;
NUnit Adapter 4.3.1.0: Test execution complete&#xD;
</StdOut>
    </Output>
  </ResultSummary>
</TestRun>