<?xml version="1.0" encoding="utf-8"?>
<TestRun id="0ae7af9d-a7fc-4f0f-9898-46d1ef5a5045" name="vidya@NAYAK 2026-05-02 21:56:36" runUser="NAYAK\vidya" xmlns="http://microsoft.com/schemas/VisualStudio/TeamTest/2010">
  <Times creation="2026-05-02T21:56:36.3122149+12:00" queuing="2026-05-02T21:56:36.3122155+12:00" start="2026-05-02T21:56:18.2396823+12:00" finish="2026-05-02T21:56:36.3203293+12:00" />
  <TestSettings name="default" id="b498eb84-adec-4c27-8a66-0a626e63a679">
    <Deployment runDeploymentRoot="vidya_NAYAK_2026-05-02_21_56_36" />
  </TestSettings>
  <Results>
    <UnitTestResult executionId="dd1d3395-a901-45a4-b826-d85f6d46d4e2" testId="126043ab-63f6-72d6-739d-5b61e8f7b0c8" testName="CreateAssetAndCheckHistory" computerName="NAYAK" duration="00:00:16.1060160" startTime="2026-05-02T21:56:20.0269772+12:00" endTime="2026-05-02T21:56:36.1328006+12:00" testType="13cdc9d9-ddb5-4fa4-a97d-d965ccfc6d4b" outcome="Passed" testListId="8c84fa94-04c1-424b-9868-57a2d4851a1d" relativeResultsDirectory="dd1d3395-a901-45a4-b826-d85f6d46d4e2" />
  </Results>
  <TestDefinitions>
    <UnitTest name="CreateAssetAndCheckHistory" storage="c:\automation\playwrighttests\bin\debug\net10.0\playwrighttests.dll" id="126043ab-63f6-72d6-739d-5b61e8f7b0c8">
      <Execution id="dd1d3395-a901-45a4-b826-d85f6d46d4e2" />
      <TestMethod codeBase="C:\Automation\PlaywrightTests\bin\Debug\net10.0\PlaywrightTests.dll" adapterTypeName="executor://nunit3testexecutor/" className="PlaywrightTests.Test6" name="CreateAssetAndCheckHistory" />
    </UnitTest>
  </TestDefinitions>
  <TestEntries>
    <TestEntry testId="126043ab-63f6-72d6-739d-5b61e8f7b0c8" executionId="dd1d3395-a901-45a4-b826-d85f6d46d4e2" testListId="8c84fa94-04c1-424b-9868-57a2d4851a1d" />
  </TestEntries>
  <TestLists>
    <TestList name="Results Not in a List" id="8c84fa94-04c1-424b-9868-57a2d4851a1d" />
    <TestList name="All Loaded Results" id="19431567-8539-422a-85d7-44ee4e166bda" />
  </TestLists>
  <ResultSummary outcome="Completed">
    <Counters total="1" executed="1" passed="1" failed="0" error="0" timeout="0" aborted="0" inconclusive="0" passedButRunAborted="0" notRunnable="0" notExecuted="0" disconnected="0" warning="0" completed="0" inProgress="0" pending="0" />
    <Output>
      <StdOut>NUnit Adapter 4.3.1.0: Test execution started&#xD;
Running selected tests in C:\Automation\PlaywrightTests\bin\Debug\net10.0\PlaywrightTests.dll&#xD;
   NUnit3TestExecutor discovered 1 of 1 NUnit test cases using Current Discovery mode, Non-Explicit run&#xD;
NUnit Adapter 4.3.1.0: Test execution complete&#xD;
</StdOut>
    </Output>
  </ResultSummary>
</TestRun>