<?xml version="1.0" encoding="utf-8"?>
<TestRun id="6aa2082b-1ebe-4efb-9f51-d8dbcaa0b777" name="vidya@NAYAK 2026-05-02 21:58:49" runUser="NAYAK\vidya" xmlns="http://microsoft.com/schemas/VisualStudio/TeamTest/2010">
  <Times creation="2026-05-02T21:58:49.8112719+12:00" queuing="2026-05-02T21:58:49.8112723+12:00" start="2026-05-02T21:58:08.4468241+12:00" finish="2026-05-02T21:58:49.8424764+12:00" />
  <TestSettings name="default" id="af317431-3164-44ec-9500-16a9d3405b4c">
    <Deployment runDeploymentRoot="vidya_NAYAK_2026-05-02_21_58_49" />
  </TestSettings>
  <Results>
    <UnitTestResult executionId="e4416c74-6bb5-42c7-8a60-6515fb6ba44c" testId="126043ab-63f6-72d6-739d-5b61e8f7b0c8" testName="CreateAssetAndCheckHistory" computerName="NAYAK" duration="00:00:40.5134270" startTime="2026-05-02T21:58:09.1458133+12:00" endTime="2026-05-02T21:58:49.6590896+12:00" testType="13cdc9d9-ddb5-4fa4-a97d-d965ccfc6d4b" outcome="Failed" testListId="8c84fa94-04c1-424b-9868-57a2d4851a1d" relativeResultsDirectory="e4416c74-6bb5-42c7-8a60-6515fb6ba44c">
      <Output>
        <ErrorInfo>
          <Message>System.TimeoutException : Timeout 30000ms exceeded.&#xD;
Call log:&#xD;
  - waiting for GetByRole(AriaRole.Link, new() { Name = "Logout" })</Message>
          <StackTrace>   at Microsoft.Playwright.Transport.Connection.InnerSendMessageToServerAsync[T](ChannelOwner object, String method, Dictionary`2 dictionary, Boolean keepNulls) in /_/src/Playwright/Transport/Connection.cs:line 201&#xD;
   at Microsoft.Playwright.Transport.Connection.WrapApiCallAsync[T](Func`1 action, Boolean isInternal, String title) in /_/src/Playwright/Transport/Connection.cs:line 505&#xD;
   at PlaywrightTests.Test6.CreateAssetAndCheckHistory() in C:\Automation\PlaywrightTests\Test6.cs:line 50&#xD;
   at NUnit.Framework.Internal.TaskAwaitAdapter.GenericAdapter`1.BlockUntilCompleted()&#xD;
   at NUnit.Framework.Internal.MessagePumpStrategy.NoMessagePumpStrategy.WaitForCompletion(AwaitAdapter awaiter)&#xD;
   at NUnit.Framework.Internal.AsyncToSyncAdapter.Await(Func`1 invoke)&#xD;
   at NUnit.Framework.Internal.Commands.TestMethodCommand.RunTestMethod(TestExecutionContext context)&#xD;
   at NUnit.Framework.Internal.Commands.TestMethodCommand.Execute(TestExecutionContext context)&#xD;
   at NUnit.Framework.Internal.Commands.BeforeAndAfterTestCommand.&lt;&gt;c__DisplayClass1_0.&lt;Execute&gt;b__0()&#xD;
   at NUnit.Framework.Internal.Commands.DelegatingTestCommand.RunTestMethodInThreadAbortSafeZone(TestExecutionContext context, Action action)
</StackTrace>
        </ErrorInfo>
      </Output>
    </UnitTestResult>
  </Results>
  <TestDefinitions>
    <UnitTest name="CreateAssetAndCheckHistory" storage="c:\automation\playwrighttests\bin\debug\net10.0\playwrighttests.dll" id="126043ab-63f6-72d6-739d-5b61e8f7b0c8">
      <Execution id="e4416c74-6bb5-42c7-8a60-6515fb6ba44c" />
      <TestMethod codeBase="C:\Automation\PlaywrightTests\bin\Debug\net10.0\PlaywrightTests.dll" adapterTypeName="executor://nunit3testexecutor/" className="PlaywrightTests.Test6" name="CreateAssetAndCheckHistory" />
    </UnitTest>
  </TestDefinitions>
  <TestEntries>
    <TestEntry testId="126043ab-63f6-72d6-739d-5b61e8f7b0c8" executionId="e4416c74-6bb5-42c7-8a60-6515fb6ba44c" testListId="8c84fa94-04c1-424b-9868-57a2d4851a1d" />
  </TestEntries>
  <TestLists>
    <TestList name="Results Not in a List" id="8c84fa94-04c1-424b-9868-57a2d4851a1d" />
    <TestList name="All Loaded Results" id="19431567-8539-422a-85d7-44ee4e166bda" />
  </TestLists>
  <ResultSummary outcome="Failed">
    <Counters total="1" executed="1" passed="0" failed="1" error="0" timeout="0" aborted="0" inconclusive="0" passedButRunAborted="0" notRunnable="0" notExecuted="0" disconnected="0" warning="0" completed="0" inProgress="0" pending="0" />
    <Output>
      <StdOut>NUnit Adapter 4.3.1.0: Test execution started&#xD;
Running selected tests in C:\Automation\PlaywrightTests\bin\Debug\net10.0\PlaywrightTests.dll&#xD;
   NUnit3TestExecutor discovered 1 of 1 NUnit test cases using Current Discovery mode, Non-Explicit run&#xD;
NUnit Adapter 4.3.1.0: Test execution complete&#xD;
</StdOut>
    </Output>
  </ResultSummary>
</TestRun>