<?xml version="1.0" encoding="utf-8"?>
<TestRun id="0b8330b5-e4db-4e69-8969-425026e668d4" name="vidya@NAYAK 2026-05-02 22:00:22" runUser="NAYAK\vidya" xmlns="http://microsoft.com/schemas/VisualStudio/TeamTest/2010">
  <Times creation="2026-05-02T22:00:22.5866483+12:00" queuing="2026-05-02T22:00:22.5866488+12:00" start="2026-05-02T21:59:59.7549845+12:00" finish="2026-05-02T22:00:22.5970451+12:00" />
  <TestSettings name="default" id="59d58223-6f6d-42a2-8710-a2a86e960eee">
    <Deployment runDeploymentRoot="vidya_NAYAK_2026-05-02_22_00_22" />
  </TestSettings>
  <Results>
    <UnitTestResult executionId="439324da-7e95-45df-a79c-bffb94d17a1a" testId="126043ab-63f6-72d6-739d-5b61e8f7b0c8" testName="CreateAssetAndCheckHistory" computerName="NAYAK" duration="00:00:21.9032270" startTime="2026-05-02T22:00:00.3785832+12:00" endTime="2026-05-02T22:00:22.2816849+12:00" testType="13cdc9d9-ddb5-4fa4-a97d-d965ccfc6d4b" outcome="Passed" testListId="8c84fa94-04c1-424b-9868-57a2d4851a1d" relativeResultsDirectory="439324da-7e95-45df-a79c-bffb94d17a1a" />
  </Results>
  <TestDefinitions>
    <UnitTest name="CreateAssetAndCheckHistory" storage="c:\automation\playwrighttests\bin\debug\net10.0\playwrighttests.dll" id="126043ab-63f6-72d6-739d-5b61e8f7b0c8">
      <Execution id="439324da-7e95-45df-a79c-bffb94d17a1a" />
      <TestMethod codeBase="C:\Automation\PlaywrightTests\bin\Debug\net10.0\PlaywrightTests.dll" adapterTypeName="executor://nunit3testexecutor/" className="PlaywrightTests.Test6" name="CreateAssetAndCheckHistory" />
    </UnitTest>
  </TestDefinitions>
  <TestEntries>
    <TestEntry testId="126043ab-63f6-72d6-739d-5b61e8f7b0c8" executionId="439324da-7e95-45df-a79c-bffb94d17a1a" testListId="8c84fa94-04c1-424b-9868-57a2d4851a1d" />
  </TestEntries>
  <TestLists>
    <TestList name="Results Not in a List" id="8c84fa94-04c1-424b-9868-57a2d4851a1d" />
    <TestList name="All Loaded Results" id="19431567-8539-422a-85d7-44ee4e166bda" />
  </TestLists>
  <ResultSummary outcome="Completed">
    <Counters total="1" executed="1" passed="1" failed="0" error="0" timeout="0" aborted="0" inconclusive="0" passedButRunAborted="0" notRunnable="0" notExecuted="0" disconnected="0" warning="0" completed="0" inProgress="0" pending="0" />
    <Output>
      <StdOut>NUnit Adapter 4.3.1.0: Test execution started&#xD;
Running selected tests in C:\Automation\PlaywrightTests\bin\Debug\net10.0\PlaywrightTests.dll&#xD;
   NUnit3TestExecutor discovered 1 of 1 NUnit test cases using Current Discovery mode, Non-Explicit run&#xD;
NUnit Adapter 4.3.1.0: Test execution complete&#xD;
</StdOut>
    </Output>
  </ResultSummary>
</TestRun>